[ 2025-08-29 03:34:34,443 ] 32 root - INFO - Initiate the data ingestion
[ 2025-08-29 03:34:34,786 ] 85 root - INFO - >>> Starting Data Ingestion pipeline <<<
[ 2025-08-29 03:34:34,786 ] 33 root - INFO - Reading data from db: 'MALAVIKAAI', collection: 'NetworkData'
[ 2025-08-29 03:34:37,169 ] 36 root - INFO - Found 11055 records.
[ 2025-08-29 03:34:37,174 ] 49 root - INFO - Saving data to feature store.
[ 2025-08-29 03:34:37,247 ] 54 root - INFO - Data saved to: Artifacts\08_29_2025_03_34_32\data_ingestion\feature_store\phisingData.csv
[ 2025-08-29 03:34:37,247 ] 61 root - INFO - Performing train-test split.
[ 2025-08-29 03:34:37,250 ] 65 root - INFO - Train set shape: (8844, 31), Test set shape: (2211, 31)
[ 2025-08-29 03:34:37,251 ] 70 root - INFO - Exporting train and test files.
[ 2025-08-29 03:34:37,306 ] 77 root - INFO - Train file saved to: Artifacts\08_29_2025_03_34_32\data_ingestion\ingested\train.csv
[ 2025-08-29 03:34:37,306 ] 78 root - INFO - Test file saved to: Artifacts\08_29_2025_03_34_32\data_ingestion\ingested\test.csv
[ 2025-08-29 03:34:37,306 ] 91 root - INFO - >>> Data Ingestion pipeline complete <<<
[ 2025-08-29 03:34:37,307 ] 39 root - INFO - Data Ingestion Completed
[ 2025-08-29 03:34:37,307 ] 43 root - INFO - Initiate the data validation
[ 2025-08-29 03:34:37,426 ] 32 root - INFO - Required number of columns:2
[ 2025-08-29 03:34:37,426 ] 33 root - INFO - Data frame has columns:31
[ 2025-08-29 03:34:37,426 ] 32 root - INFO - Required number of columns:2
[ 2025-08-29 03:34:37,426 ] 33 root - INFO - Data frame has columns:31
[ 2025-08-29 03:34:37,584 ] 47 root - INFO - Data Validation Completed
[ 2025-08-29 03:34:37,584 ] 51 root - INFO - Data transformation started
[ 2025-08-29 03:34:37,584 ] 63 root - INFO - Entered initiate_data_transformation method of DataTransformation class
[ 2025-08-29 03:34:37,584 ] 65 root - INFO - Starting data transformation
[ 2025-08-29 03:34:37,613 ] 48 root - INFO - Entered get_data_trnasformer_object method of Trnasformation class
[ 2025-08-29 03:34:37,613 ] 53 root - INFO - Initialise KNNImputer with {'missing_values': nan, 'n_neighbors': 3, 'weights': 'uniform'}
[ 2025-08-29 03:34:37,625 ] 53 root - INFO - Entered the save_object method of MainUtils class
[ 2025-08-29 03:34:37,629 ] 59 root - INFO - Exited the save_object method of MainUtils class
[ 2025-08-29 03:34:37,629 ] 53 root - INFO - Entered the save_object method of MainUtils class
[ 2025-08-29 03:34:37,632 ] 59 root - INFO - Exited the save_object method of MainUtils class
[ 2025-08-29 03:34:37,633 ] 55 root - INFO - Data transformation completed
[ 2025-08-29 03:34:37,634 ] 59 root - INFO - Model Training started
[ 2025-08-29 03:37:43,003 ] 53 root - INFO - Entered the save_object method of MainUtils class
[ 2025-08-29 03:37:43,027 ] 59 root - INFO - Exited the save_object method of MainUtils class
[ 2025-08-29 03:37:43,027 ] 96 root - INFO - Model trainer artifact: ModelTrainerArtifact(trained_model_file_path='Artifacts\\08_29_2025_03_34_32\\model_trainer\\trained_model\\model.pkl', train_metric_artifact=ClassificationMetricArtifact(f1_score=0.9915538821613921, precision_score=0.989238578680203, recall_score=0.9938800489596084), test_metric_artifact=ClassificationMetricArtifact(f1_score=0.9711804184761152, precision_score=0.9624413145539906, recall_score=0.9800796812749004))
[ 2025-08-29 03:37:43,030 ] 66 root - INFO - Model Training completed
