[ 2025-08-29 03:23:25,146 ] 32 root - INFO - Initiate the data ingestion
[ 2025-08-29 03:23:25,796 ] 85 root - INFO - >>> Starting Data Ingestion pipeline <<<
[ 2025-08-29 03:23:25,796 ] 33 root - INFO - Reading data from db: 'MALAVIKAAI', collection: 'NetworkData'
[ 2025-08-29 03:23:28,217 ] 36 root - INFO - Found 11055 records.
[ 2025-08-29 03:23:28,222 ] 49 root - INFO - Saving data to feature store.
[ 2025-08-29 03:23:28,295 ] 54 root - INFO - Data saved to: Artifacts\08_29_2025_03_23_23\data_ingestion\feature_store\phisingData.csv
[ 2025-08-29 03:23:28,295 ] 61 root - INFO - Performing train-test split.
[ 2025-08-29 03:23:28,298 ] 65 root - INFO - Train set shape: (8844, 31), Test set shape: (2211, 31)
[ 2025-08-29 03:23:28,299 ] 70 root - INFO - Exporting train and test files.
[ 2025-08-29 03:23:28,351 ] 77 root - INFO - Train file saved to: Artifacts\08_29_2025_03_23_23\data_ingestion\ingested\train.csv
[ 2025-08-29 03:23:28,351 ] 78 root - INFO - Test file saved to: Artifacts\08_29_2025_03_23_23\data_ingestion\ingested\test.csv
[ 2025-08-29 03:23:28,351 ] 91 root - INFO - >>> Data Ingestion pipeline complete <<<
[ 2025-08-29 03:23:28,352 ] 39 root - INFO - Data Ingestion Completed
[ 2025-08-29 03:23:28,352 ] 43 root - INFO - Initiate the data validation
[ 2025-08-29 03:23:28,469 ] 32 root - INFO - Required number of columns:2
[ 2025-08-29 03:23:28,469 ] 33 root - INFO - Data frame has columns:31
[ 2025-08-29 03:23:28,469 ] 32 root - INFO - Required number of columns:2
[ 2025-08-29 03:23:28,469 ] 33 root - INFO - Data frame has columns:31
[ 2025-08-29 03:23:28,628 ] 47 root - INFO - Data Validation Completed
[ 2025-08-29 03:23:28,629 ] 51 root - INFO - Data transformation started
[ 2025-08-29 03:23:28,629 ] 63 root - INFO - Entered initiate_data_transformation method of DataTransformation class
[ 2025-08-29 03:23:28,629 ] 65 root - INFO - Starting data transformation
[ 2025-08-29 03:23:28,657 ] 48 root - INFO - Entered get_data_trnasformer_object method of Trnasformation class
[ 2025-08-29 03:23:28,657 ] 53 root - INFO - Initialise KNNImputer with {'missing_values': nan, 'n_neighbors': 3, 'weights': 'uniform'}
[ 2025-08-29 03:23:28,667 ] 53 root - INFO - Entered the save_object method of MainUtils class
[ 2025-08-29 03:23:28,669 ] 59 root - INFO - Exited the save_object method of MainUtils class
[ 2025-08-29 03:23:28,670 ] 53 root - INFO - Entered the save_object method of MainUtils class
[ 2025-08-29 03:23:28,672 ] 59 root - INFO - Exited the save_object method of MainUtils class
[ 2025-08-29 03:23:28,673 ] 55 root - INFO - Data transformation completed
[ 2025-08-29 03:23:28,674 ] 59 root - INFO - Model Training started
[ 2025-08-29 03:31:54,509 ] 70 root - ERROR - Error occurred in script: [D:\NetworkSecurity\networksecurity\components\model_trainer.py] line number: [134] error message: ['ModelTrainer' object has no attribute 'track_mlflow']
